  Source.cpp
c:\users\сергей\source\repos\project6\project6\project6\source.cpp(16): warning C4244: инициализация: преобразование "double" в "int", возможна потеря данных
c:\users\сергей\source\repos\project6\project6\project6\source.cpp(17): warning C4244: инициализация: преобразование "double" в "int", возможна потеря данных
c:\users\сергей\source\repos\project6\project6\project6\source.cpp(25): warning C4244: инициализация: преобразование "double" в "int", возможна потеря данных
c:\users\сергей\source\repos\project6\project6\project6\source.cpp(26): warning C4244: инициализация: преобразование "double" в "int", возможна потеря данных
c:\users\сергей\source\repos\project6\project6\project6\source.cpp(32): warning C4244: аргумент: преобразование "double" в "int", возможна потеря данных
c:\users\сергей\source\repos\project6\project6\project6\source.cpp(33): warning C4244: аргумент: преобразование "double" в "int", возможна потеря данных
c:\users\сергей\source\repos\project6\project6\project6\source.cpp(35): warning C4244: аргумент: преобразование "double" в "int", возможна потеря данных
c:\users\сергей\source\repos\project6\project6\project6\source.cpp(39): warning C4244: аргумент: преобразование "double" в "int", возможна потеря данных
c:\users\сергей\source\repos\project6\project6\project6\source.cpp(40): warning C4244: аргумент: преобразование "double" в "int", возможна потеря данных
c:\users\сергей\source\repos\project6\project6\project6\source.cpp(42): warning C4244: аргумент: преобразование "double" в "int", возможна потеря данных
c:\users\сергей\source\repos\project6\project6\project6\source.cpp(78): warning C4244: аргумент: преобразование "double" в "int", возможна потеря данных
c:\users\сергей\source\repos\project6\project6\project6\source.cpp(79): warning C4244: аргумент: преобразование "double" в "int", возможна потеря данных
  Создание кода...
  Компиляция...
  ariphmetic_parser.cpp
c:\users\сергей\source\repos\project6\project6\project6\ariphmetic_parser.cpp(17): warning C4018: <: несоответствие типов со знаком и без знака
c:\users\сергей\source\repos\project6\project6\project6\ariphmetic_parser.cpp(34): warning C4018: <: несоответствие типов со знаком и без знака
c:\users\сергей\source\repos\project6\project6\project6\ariphmetic_parser.cpp(83): warning C4018: <: несоответствие типов со знаком и без знака
  Создание кода...
  Project6.vcxproj -> C:\Users\Сергей\source\repos\Project6\Project6\Debug\Project6.exe
